<?xml version="1.0" encoding="UTF-8"?>
<testsuite xmlns:xsi="http://www.w3.org/2001/XMLSchema-instance" xsi:noNamespaceSchemaLocation="https://maven.apache.org/surefire/maven-surefire-plugin/xsd/surefire-test-report-3.0.xsd" version="3.0" name="testRunner.TestRunner" time="38.171" tests="2" errors="0" skipped="0" failures="0">
  <properties>
[...]
</properties>
  <testcase name="Add a new Customer" classname="Customers" time="25.015">
    <system-out><![CDATA[
@sanity
Scenario: Add a new Customer                                                                 # Features/Customers.feature:3
 INFO [main] (Steps.java:34)- launching chrome browser
  Given User Launch Chrome browser                                                           # stepDefinitions.Steps.user_launch_chrome_browser()
 INFO [main] (Steps.java:60)- opening the url
  And user opens URL "https://admin-demo.nopcommerce.com/login"                              # stepDefinitions.Steps.user_opens_url(java.lang.String)
 INFO [main] (Steps.java:68)- providing login details
  And user enters Email as "admin@yourstore.com" and password as "admin"                     # stepDefinitions.Steps.user_enters_email_as_and_password_as(java.lang.String,java.lang.String)
 INFO [main] (Steps.java:76)- clicked on ,login
  When user click on Login                                                                   # stepDefinitions.Steps.user_click_on_login()
  Then user can view Dashboard                                                               # stepDefinitions.Steps.user_can_view_dashboard()
  When user click on Customers Menu                                                          # stepDefinitions.Steps.user_click_on_customers_menu()
  And click on customers Menu Item                                                           # stepDefinitions.Steps.click_on_customers_menu_item()
  And user landed on Customers Page                                                          # stepDefinitions.Steps.user_landed_on_customers_page()
  And click on Add New Button                                                                # stepDefinitions.Steps.click_on_add_new_button()
  Then user can view Add new customer page                                                   # stepDefinitions.Steps.user_can_view_add_new_customer_page()
  When user enters customer info                                                             # stepDefinitions.Steps.user_enters_customer_info()
  And click on save button                                                                   # stepDefinitions.Steps.click_on_save_button()
  Then user can view confirmation message as "The new customer has been added successfully." # stepDefinitions.Steps.user_can_view_confirmation_message_as(java.lang.String)
 INFO [main] (Steps.java:104)- closed the browser
  And close browser                                                                          # stepDefinitions.Steps.close_browser()
]]></system-out>
    <system-err><![CDATA[Starting ChromeDriver 89.0.4389.23 (61b08ee2c50024bab004e48d2b1b083cdbdac579-refs/branch-heads/4389@{#294}) on port 39460
Only local connections are allowed.
Please see https://chromedriver.chromium.org/security-considerations for suggestions on keeping ChromeDriver safe.
ChromeDriver was started successfully.
Sep 21, 2021 5:49:10 PM org.openqa.selenium.remote.ProtocolHandshake createSession
INFO: Detected dialect: W3C
]]></system-err>
  </testcase>
  <testcase name="Successfull Login with Valid credentials #1" classname="Login" time="12.172">
    <system-out><![CDATA[
@sanity
Scenario: Successfull Login with Valid credentials                       # Features/Login.feature:3
 INFO [main] (Steps.java:34)- launching chrome browser
  Given User Launch Chrome browser                                       # stepDefinitions.Steps.user_launch_chrome_browser()
 INFO [main] (Steps.java:60)- opening the url
  And user opens URL "https://admin-demo.nopcommerce.com/login"          # stepDefinitions.Steps.user_opens_url(java.lang.String)
 INFO [main] (Steps.java:68)- providing login details
  And user enters Email as "admin@yourstore.com" and password as "admin" # stepDefinitions.Steps.user_enters_email_as_and_password_as(java.lang.String,java.lang.String)
 INFO [main] (Steps.java:76)- clicked on ,login
  When user click on Login                                               # stepDefinitions.Steps.user_click_on_login()
 INFO [main] (Steps.java:91)- Login passed
  Then page title should be "Dashboard / nopCommerce administration"     # stepDefinitions.Steps.page_title_should_be(java.lang.String)
 INFO [main] (Steps.java:98)- clicked on logout
  When user click on Logout link                                         # stepDefinitions.Steps.user_click_on_logout_link()
 INFO [main] (Steps.java:91)- Login passed
  Then page title should be "Your store. Login"                          # stepDefinitions.Steps.page_title_should_be(java.lang.String)
 INFO [main] (Steps.java:104)- closed the browser
  And close browser                                                      # stepDefinitions.Steps.close_browser()
]]></system-out>
    <system-err><![CDATA[Starting ChromeDriver 89.0.4389.23 (61b08ee2c50024bab004e48d2b1b083cdbdac579-refs/branch-heads/4389@{#294}) on port 11068
Only local connections are allowed.
Please see https://chromedriver.chromium.org/security-considerations for suggestions on keeping ChromeDriver safe.
ChromeDriver was started successfully.
Sep 21, 2021 5:49:34 PM org.openqa.selenium.remote.ProtocolHandshake createSession
INFO: Detected dialect: W3C
]]></system-err>
  </testcase>
</testsuite>