<?xml version="1.0" encoding="UTF-8"?>
<!-- Generated by org.testng.reporters.JUnitXMLReporter -->
<testsuite hostname="DESKTOP-C4238HF" ignored="2" name="Car Loan" tests="2" failures="0" timestamp="2021-06-19T07:27:20 IST" time="0.005" errors="0">
  <testcase name="day4afternoondemo" time="0.001" classname="test.Day4"/>
  <testcase name="day4mngdemo" time="0.001" classname="test.Day4"/>
  <testcase name="day3mngdemo" time="0.0" classname="test.Day3">
    <ignored/>
  </testcase> <!-- day3mngdemo -->
  <testcase name="day3afternoondemo" time="0.0" classname="test.Day3">
    <ignored/>
  </testcase> <!-- day3afternoondemo -->
</testsuite> <!-- Car Loan -->
