<?xml version="1.0" encoding="UTF-8"?>
<!-- Generated by org.testng.reporters.JUnitXMLReporter -->
<testsuite hostname="DESKTOP-C4238HF" ignored="0" name="Personal Loan" tests="6" failures="1" timestamp="2021-06-19T07:27:20 IST" time="0.072" errors="0">
  <testcase name="day1evngdemo" time="0.01" classname="test.Day1">
    <failure type="java.lang.AssertionError" message="expected [true] but found [false]">
      <![CDATA[java.lang.AssertionError: expected [true] but found [false]
at test.Day1.day1evngdemo(Day1.java:66)
at java.util.ArrayList.forEach(ArrayList.java:1259)
... Removed 31 stack frames]]>
    </failure>
  </testcase> <!-- day1evngdemo -->
  <testcase name="day1mngdemo" time="0.002" classname="test.Day1"/>
  <testcase name="day1mngdemo" time="0.001" classname="test.Day1"/>
  <testcase name="day1mngdemo" time="0.001" classname="test.Day1"/>
  <testcase name="day2afternoondemo" time="0.002" classname="test.Day2"/>
  <testcase name="day2mngdemo" time="0.001" classname="test.Day2"/>
</testsuite> <!-- Personal Loan -->
