<?xml version="1.0" encoding="UTF-8"?>
<!-- Generated by org.testng.reporters.JUnitXMLReporter -->
<testsuite hostname="DESKTOP-C4238HF" ignored="0" name="Default test" tests="3" failures="0" timestamp="2021-06-28T15:49:35 IST" time="4.804" errors="0">
  <testcase name="addBook" time="3.531" classname="automation.RestAssured.DynamicJson"/>
  <testcase name="addBook" time="0.605" classname="automation.RestAssured.DynamicJson"/>
  <testcase name="addBook" time="0.597" classname="automation.RestAssured.DynamicJson"/>
</testsuite> <!-- Default test -->
