<?xml version="1.0" encoding="UTF-8"?>
<!-- Generated by org.testng.reporters.JUnitXMLReporter -->
<testsuite hostname="DESKTOP-C4238HF" ignored="0" name="Default test" tests="4" failures="0" timestamp="2021-08-18T15:04:10 IST" time="0.066" errors="0">
  <testcase name="day3mngdemo" time="0.01" classname="test1.Day3"/>
  <testcase name="day3evngdemo" time="0.001" classname="test1.Day3"/>
  <testcase name="day3evngdemo" time="0.001" classname="test1.Day3"/>
  <testcase name="day3evngdemo" time="0.002" classname="test1.Day3"/>
</testsuite> <!-- Default test -->
