<?xml version="1.0" encoding="UTF-8"?>
<!-- Generated by org.testng.reporters.JUnitXMLReporter -->
<testsuite hostname="DESKTOP-C4238HF" ignored="0" name="Personal Loan" tests="6" failures="0" timestamp="2021-08-18T12:10:29 IST" time="0.064" errors="0">
  <testcase name="day1evngdemo" time="0.005" classname="test1.Day1"/>
  <testcase name="day1mngdemo" time="0.001" classname="test1.Day1"/>
  <testcase name="day2evngdemo" time="0.003" classname="test1.Day2"/>
  <testcase name="day2mngdemo" time="0.002" classname="test1.Day2"/>
  <testcase name="day3evngdemo" time="0.001" classname="test1.Day3"/>
  <testcase name="day3mngdemo" time="0.002" classname="test1.Day3"/>
</testsuite> <!-- Personal Loan -->
