<?xml version="1.0" encoding="UTF-8"?>
<!-- Generated by org.testng.reporters.JUnitXMLReporter -->
<testsuite hostname="DESKTOP-C4238HF" ignored="1" name="Regression" tests="7" failures="1" timestamp="2021-08-18T16:48:40 IST" time="0.074" errors="0">
  <testcase name="day1mngdemo" time="0.009" classname="test1.Day1">
    <failure type="java.lang.AssertionError" message="expected [true] but found [false]">
      <![CDATA[java.lang.AssertionError: expected [true] but found [false]
at test1.Day1.day1mngdemo(Day1.java:25)
at java.util.ArrayList.forEach(ArrayList.java:1259)
... Removed 31 stack frames]]>
    </failure>
  </testcase> <!-- day1mngdemo -->
  <testcase name="day2evngdemo" time="0.002" classname="test1.Day2"/>
  <testcase name="day2mngdemo" time="0.002" classname="test1.Day2"/>
  <testcase name="day3mngdemo" time="0.002" classname="test1.Day3"/>
  <testcase name="day3evngdemo" time="0.001" classname="test1.Day3"/>
  <testcase name="day3evngdemo" time="0.001" classname="test1.Day3"/>
  <testcase name="day3evngdemo" time="0.002" classname="test1.Day3"/>
  <testcase name="day1evngdemo" time="0.0" classname="test1.Day1">
    <ignored/>
  </testcase> <!-- day1evngdemo -->
</testsuite> <!-- Regression -->
