<?xml version="1.0" encoding="UTF-8"?>
<!-- Generated by org.testng.reporters.JUnitXMLReporter -->
<testsuite hostname="DESKTOP-C4238HF" ignored="0" name="Package Test" tests="8" failures="0" timestamp="2021-08-18T11:05:18 IST" time="0.076" errors="0">
  <testcase name="day1evngdemo" time="0.009" classname="test1.Day1"/>
  <testcase name="day1mngdemo" time="0.001" classname="test1.Day1"/>
  <testcase name="day2evngdemo" time="0.001" classname="test1.Day2"/>
  <testcase name="day2mngdemo" time="0.001" classname="test1.Day2"/>
  <testcase name="day3evngdemo" time="0.001" classname="test1.Day3"/>
  <testcase name="day3mngdemo" time="0.001" classname="test1.Day3"/>
  <testcase name="day4evngdemo" time="0.001" classname="test1.Day4"/>
  <testcase name="day4mngdemo" time="0.004" classname="test1.Day4"/>
</testsuite> <!-- Package Test -->
